2015-12-08 22:30:48 Notice: Notice (8): Array to string conversion in [/home/masterchief/Web2/DesChiffresEtDesDes/src/Template/Sheets/view.ctp, line 7]
Trace:
Cake\Error\BaseErrorHandler::handleError() - CORE/src/Error/BaseErrorHandler.php, line 140
include - APP/Template/Sheets/view.ctp, line 7
Cake\View\View::_evaluate() - CORE/src/View/View.php, line 971
Cake\View\View::_render() - CORE/src/View/View.php, line 931
Cake\View\View::render() - CORE/src/View/View.php, line 579
Cake\Controller\Controller::render() - CORE/src/Controller/Controller.php, line 611
Cake\Routing\Dispatcher::_invoke() - CORE/src/Routing/Dispatcher.php, line 120
Cake\Routing\Dispatcher::dispatch() - CORE/src/Routing/Dispatcher.php, line 87
[main] - ROOT/webroot/index.php, line 37



2015-12-08 22:31:18 Notice: Notice (8): Undefined offset: 1 in [/home/masterchief/Web2/DesChiffresEtDesDes/src/Template/Sheets/view.ctp, line 5]
Trace:
Cake\Error\BaseErrorHandler::handleError() - CORE/src/Error/BaseErrorHandler.php, line 140
include - APP/Template/Sheets/view.ctp, line 5
Cake\View\View::_evaluate() - CORE/src/View/View.php, line 971
Cake\View\View::_render() - CORE/src/View/View.php, line 931
Cake\View\View::render() - CORE/src/View/View.php, line 579
Cake\Controller\Controller::render() - CORE/src/Controller/Controller.php, line 611
Cake\Routing\Dispatcher::_invoke() - CORE/src/Routing/Dispatcher.php, line 120
Cake\Routing\Dispatcher::dispatch() - CORE/src/Routing/Dispatcher.php, line 87
[main] - ROOT/webroot/index.php, line 37



2015-12-08 22:31:20 Notice: Notice (8): Undefined offset: 1 in [/home/masterchief/Web2/DesChiffresEtDesDes/src/Template/Sheets/view.ctp, line 5]
Trace:
Cake\Error\BaseErrorHandler::handleError() - CORE/src/Error/BaseErrorHandler.php, line 140
include - APP/Template/Sheets/view.ctp, line 5
Cake\View\View::_evaluate() - CORE/src/View/View.php, line 971
Cake\View\View::_render() - CORE/src/View/View.php, line 931
Cake\View\View::render() - CORE/src/View/View.php, line 579
Cake\Controller\Controller::render() - CORE/src/Controller/Controller.php, line 611
Cake\Routing\Dispatcher::_invoke() - CORE/src/Routing/Dispatcher.php, line 120
Cake\Routing\Dispatcher::dispatch() - CORE/src/Routing/Dispatcher.php, line 87
[main] - ROOT/webroot/index.php, line 37



2015-12-08 22:31:20 Notice: Notice (8): Undefined offset: 1 in [/home/masterchief/Web2/DesChiffresEtDesDes/src/Template/Sheets/view.ctp, line 5]
Trace:
Cake\Error\BaseErrorHandler::handleError() - CORE/src/Error/BaseErrorHandler.php, line 140
include - APP/Template/Sheets/view.ctp, line 5
Cake\View\View::_evaluate() - CORE/src/View/View.php, line 971
Cake\View\View::_render() - CORE/src/View/View.php, line 931
Cake\View\View::render() - CORE/src/View/View.php, line 579
Cake\Controller\Controller::render() - CORE/src/Controller/Controller.php, line 611
Cake\Routing\Dispatcher::_invoke() - CORE/src/Routing/Dispatcher.php, line 120
Cake\Routing\Dispatcher::dispatch() - CORE/src/Routing/Dispatcher.php, line 87
[main] - ROOT/webroot/index.php, line 37



2015-12-08 22:31:21 Notice: Notice (8): Undefined offset: 1 in [/home/masterchief/Web2/DesChiffresEtDesDes/src/Template/Sheets/view.ctp, line 5]
Trace:
Cake\Error\BaseErrorHandler::handleError() - CORE/src/Error/BaseErrorHandler.php, line 140
include - APP/Template/Sheets/view.ctp, line 5
Cake\View\View::_evaluate() - CORE/src/View/View.php, line 971
Cake\View\View::_render() - CORE/src/View/View.php, line 931
Cake\View\View::render() - CORE/src/View/View.php, line 579
Cake\Controller\Controller::render() - CORE/src/Controller/Controller.php, line 611
Cake\Routing\Dispatcher::_invoke() - CORE/src/Routing/Dispatcher.php, line 120
Cake\Routing\Dispatcher::dispatch() - CORE/src/Routing/Dispatcher.php, line 87
[main] - ROOT/webroot/index.php, line 37



2015-12-08 22:31:21 Notice: Notice (8): Undefined offset: 1 in [/home/masterchief/Web2/DesChiffresEtDesDes/src/Template/Sheets/view.ctp, line 5]
Trace:
Cake\Error\BaseErrorHandler::handleError() - CORE/src/Error/BaseErrorHandler.php, line 140
include - APP/Template/Sheets/view.ctp, line 5
Cake\View\View::_evaluate() - CORE/src/View/View.php, line 971
Cake\View\View::_render() - CORE/src/View/View.php, line 931
Cake\View\View::render() - CORE/src/View/View.php, line 579
Cake\Controller\Controller::render() - CORE/src/Controller/Controller.php, line 611
Cake\Routing\Dispatcher::_invoke() - CORE/src/Routing/Dispatcher.php, line 120
Cake\Routing\Dispatcher::dispatch() - CORE/src/Routing/Dispatcher.php, line 87
[main] - ROOT/webroot/index.php, line 37



2015-12-08 22:31:22 Notice: Notice (8): Undefined offset: 1 in [/home/masterchief/Web2/DesChiffresEtDesDes/src/Template/Sheets/view.ctp, line 5]
Trace:
Cake\Error\BaseErrorHandler::handleError() - CORE/src/Error/BaseErrorHandler.php, line 140
include - APP/Template/Sheets/view.ctp, line 5
Cake\View\View::_evaluate() - CORE/src/View/View.php, line 971
Cake\View\View::_render() - CORE/src/View/View.php, line 931
Cake\View\View::render() - CORE/src/View/View.php, line 579
Cake\Controller\Controller::render() - CORE/src/Controller/Controller.php, line 611
Cake\Routing\Dispatcher::_invoke() - CORE/src/Routing/Dispatcher.php, line 120
Cake\Routing\Dispatcher::dispatch() - CORE/src/Routing/Dispatcher.php, line 87
[main] - ROOT/webroot/index.php, line 37



